********************************************************************************
DUPLICATOR-LITE PACKAGE-LOG: January 31, 2021 6:16 am
NOTICE: Do NOT post to public sites or forums 
********************************************************************************
VERSION:	1.3.40.1
WORDPRESS:	5.6
PHP INFO:	7.4.10 | SAPI: apache2handler
SERVER:		Apache/2.4.46 (Win64) OpenSSL/1.1.1g PHP/7.4.10 
PHP TIME LIMIT: (0) no time limit imposed 
PHP MAX MEMORY: 4294967296 (512M default) 
MEMORY STACK: 6MB

********************************************************************************
DATABASE:
********************************************************************************
BUILD MODE:   MYSQLDUMP
MYSQLTIMEOUT: 5000
MYSQLDUMP:    Is Supported
SQL CREATED: 20210131_astra_7844d920afd75ec66794_20210131061530_database.sql
SQL FILE SIZE: 1.23MB (1292220)
SQL FILE TIME: 2021-01-31 06:16:31
SQL RUNTIME: 11.02 sec.

********************************************************************************
ARCHIVE (ZIP):
********************************************************************************
ARCHIVE DIR:  E:/XAMPP/htdocs/pwad-46/wordpress/wp56_project87
ARCHIVE FILE: 20210131_astra_7844d920afd75ec66794_20210131061530_archive.zip
FILTERS: *OFF*
DIRS:
	not set
FILES:
	not set
EXTS:  not set
----------------------------------------
COMPRESSING
SIZE:	101.28MB
STATS:	Dirs 758 | Files 3,825
SQL ADDED: 20210131_astra_7844d920afd75ec66794_20210131061530_database.sql
ZipArchive Object
(
    [status] => 0
    [statusSys] => 0
    [numFiles] => 4583
    [filename] => E:\XAMPP\htdocs\pwad-46\wordpress\wp56_project87\wp-content\backups-dup-lite\tmp\20210131_astra_7844d920afd75ec66794_20210131061530_archive.zip
    [comment] => 
)

FILE ADDED TO ZIP: 4582
COMPRESSION RESULT: '1'
COMPRESSED SIZE: 41.84MB
ARCHIVE RUNTIME: 124.78 sec.
MEMORY STACK: 8MB
building installer
add_extra_files1
add_extra_files2
add_extra_files3
add_extra_files4
Doing archive file check
add_extra_files5
add_extra_files6
add_extra_files8
Successfully opened zip E:/XAMPP/htdocs/pwad-46/wordpress/wp56_project87/wp-content/backups-dup-lite/tmp/20210131_astra_7844d920afd75ec66794_20210131061530_archive.zip
Adding enhanced installer files to archive using ZipArchive
Installer files added to archive
Added to archive
After ziparchive close when adding installer

********************************************************************************
INTEGRITY CHECKS:
********************************************************************************
SQL FILE: 1.23MB
INSTALLER FILE: 61.28KB
ARCHIVE FILE: 43.34MB 
EXPECTED FILE/DIRECTORY COUNT: 4,583
ACTUAL FILE/DIRECTORY COUNT: 4,582
ARCHIVE CONSISTENCY TEST: Pass

********************************************************************************
RECORD ID:[1]
TOTAL PROCESS RUNTIME: 139.59 sec.
PEAK PHP MEMORY USED: 8MB
DONE PROCESSING => 20210131_astra January 31, 2021 6:18 am

